[  4%] Built target controller_manager_example
[  9%] Built target bag_publisher_maintain_time
[ 13%] Built target ros_api_tutorial
[ 27%] Built target interactivity_utils
[ 27%] Built target motion_planning_api_tutorial
[ 31%] Built target move_group_interface_tutorial
[ 36%] Built target motion_planning_pipeline_tutorial
[35m[1mScanning dependencies of target robot_model_and_robot_state_tutorial[0m
[ 40%] Built target detect_and_add_cylinder_collision_object_demo
[ 45%] Built target pick_place_tutorial
[ 50%] Built target state_display_tutorial
[ 54%] Built target planning_scene_tutorial
[ 59%] Built target planning_scene_ros_api_tutorial
[ 63%] Built target subframes_tutorial
[ 68%] Built target trajopt_example
[ 72%] Built target lerp_example
[ 77%] Built target visualizing_collisions_tutorial
[ 81%] Built target moveit_cpp_tutorial
[ 90%] Built target moveit_lerp_planner_plugin
[ 95%] Built target bullet_collision_checker_tutorial
[ 97%] [32mBuilding CXX object doc/robot_model_and_robot_state/CMakeFiles/robot_model_and_robot_state_tutorial.dir/src/robot_model_and_robot_state_tutorial.cpp.o[0m
[100%] [32m[1mLinking CXX executable /home/umi/ws_moveit/devel/.private/moveit_tutorials/lib/moveit_tutorials/robot_model_and_robot_state_tutorial[0m
[100%] Built target robot_model_and_robot_state_tutorial
